<?xml version="1.0" encoding="UTF-8" ?>
<testsuite tests="5" failures="0" name="com.todolist.controllers.PokemonControllerTest" time="1.848" errors="1" skipped="0">
  <properties>
[...]
</properties>
  <testcase classname="com.todolist.controllers.PokemonControllerTest" name="testAddFine" time="0.703"/>
  <testcase classname="com.todolist.controllers.PokemonControllerTest" name="testGetSoloFine" time="0.271"/>
  <testcase classname="com.todolist.controllers.PokemonControllerTest" name="testGetAllFine" time="0.331">
    <error message="HTTP 400 Bad Request" type="jakarta.ws.rs.BadRequestException">jakarta.ws.rs.BadRequestException: HTTP 400 Bad Request
	at org.glassfish.jersey.client.JerseyInvocation.convertToException(JerseyInvocation.java:939)
	at org.glassfish.jersey.client.JerseyInvocation.translate(JerseyInvocation.java:755)
	at org.glassfish.jersey.client.JerseyInvocation.lambda$invoke$1(JerseyInvocation.java:675)
	at org.glassfish.jersey.client.JerseyInvocation.call(JerseyInvocation.java:697)
	at org.glassfish.jersey.client.JerseyInvocation.lambda$runInScope$3(JerseyInvocation.java:691)
	at org.glassfish.jersey.internal.Errors.process(Errors.java:292)
	at org.glassfish.jersey.internal.Errors.process(Errors.java:274)
	at org.glassfish.jersey.internal.Errors.process(Errors.java:205)
	at org.glassfish.jersey.process.internal.RequestScope.runInScope(RequestScope.java:390)
	at org.glassfish.jersey.client.JerseyInvocation.runInScope(JerseyInvocation.java:691)
	at org.glassfish.jersey.client.JerseyInvocation.invoke(JerseyInvocation.java:674)
	at org.glassfish.jersey.client.JerseyInvocation$Builder.method(JerseyInvocation.java:422)
	at org.glassfish.jersey.client.JerseyInvocation$Builder.get(JerseyInvocation.java:318)
	at com.todolist.controllers.PokemonControllerTest.testGetAllFine(PokemonControllerTest.java:39)
	at java.base/jdk.internal.reflect.NativeMethodAccessorImpl.invoke0(Native Method)
	at java.base/jdk.internal.reflect.NativeMethodAccessorImpl.invoke(NativeMethodAccessorImpl.java:62)
	at java.base/jdk.internal.reflect.DelegatingMethodAccessorImpl.invoke(DelegatingMethodAccessorImpl.java:43)
	at java.base/java.lang.reflect.Method.invoke(Method.java:566)
	at org.junit.runners.model.FrameworkMethod$1.runReflectiveCall(FrameworkMethod.java:59)
	at org.junit.internal.runners.model.ReflectiveCallable.run(ReflectiveCallable.java:12)
	at org.junit.runners.model.FrameworkMethod.invokeExplosively(FrameworkMethod.java:56)
	at org.junit.internal.runners.statements.InvokeMethod.evaluate(InvokeMethod.java:17)
	at org.junit.internal.runners.statements.RunBefores.evaluate(RunBefores.java:26)
	at org.junit.internal.runners.statements.RunAfters.evaluate(RunAfters.java:27)
	at org.junit.runners.ParentRunner$3.evaluate(ParentRunner.java:306)
	at org.junit.runners.BlockJUnit4ClassRunner$1.evaluate(BlockJUnit4ClassRunner.java:100)
	at org.junit.runners.ParentRunner.runLeaf(ParentRunner.java:366)
	at org.junit.runners.BlockJUnit4ClassRunner.runChild(BlockJUnit4ClassRunner.java:103)
	at org.junit.runners.BlockJUnit4ClassRunner.runChild(BlockJUnit4ClassRunner.java:63)
	at org.junit.runners.ParentRunner$4.run(ParentRunner.java:331)
	at org.junit.runners.ParentRunner$1.schedule(ParentRunner.java:79)
	at org.junit.runners.ParentRunner.runChildren(ParentRunner.java:329)
	at org.junit.runners.ParentRunner.access$100(ParentRunner.java:66)
	at org.junit.runners.ParentRunner$2.evaluate(ParentRunner.java:293)
	at org.junit.runners.ParentRunner$3.evaluate(ParentRunner.java:306)
	at org.junit.runners.ParentRunner.run(ParentRunner.java:413)
	at org.apache.maven.surefire.junit4.JUnit4Provider.execute(JUnit4Provider.java:252)
	at org.apache.maven.surefire.junit4.JUnit4Provider.executeTestSet(JUnit4Provider.java:141)
	at org.apache.maven.surefire.junit4.JUnit4Provider.invoke(JUnit4Provider.java:112)
	at java.base/jdk.internal.reflect.NativeMethodAccessorImpl.invoke0(Native Method)
	at java.base/jdk.internal.reflect.NativeMethodAccessorImpl.invoke(NativeMethodAccessorImpl.java:62)
	at java.base/jdk.internal.reflect.DelegatingMethodAccessorImpl.invoke(DelegatingMethodAccessorImpl.java:43)
	at java.base/java.lang.reflect.Method.invoke(Method.java:566)
	at org.apache.maven.surefire.util.ReflectionUtils.invokeMethodWithArray(ReflectionUtils.java:189)
	at org.apache.maven.surefire.booter.ProviderFactory$ProviderProxy.invoke(ProviderFactory.java:165)
	at org.apache.maven.surefire.booter.ProviderFactory.invokeProvider(ProviderFactory.java:85)
	at org.apache.maven.surefire.booter.ForkedBooter.runSuitesInProcess(ForkedBooter.java:115)
	at org.apache.maven.surefire.booter.ForkedBooter.main(ForkedBooter.java:75)
</error>
    <system-out>com.todolist.entity.pokemon.Pokemon@42056064
com.todolist.entity.Task@66
com.todolist.entity.pokemon.Pokemon@7630cd07
com.todolist.entity.Task@66
com.todolist.entity.pokemon.Pokemon@5b27937b
com.todolist.entity.Task@66
com.todolist.entity.pokemon.Pokemon@59fbb93c
com.todolist.entity.Task@66
com.todolist.entity.pokemon.Pokemon@3094e427
com.todolist.entity.Task@66
com.todolist.entity.pokemon.Pokemon@40bc5fc7
com.todolist.entity.Task@66
com.todolist.entity.pokemon.Pokemon@27e7b0e0
com.todolist.entity.Task@66
com.todolist.entity.pokemon.Pokemon@23d1df79
com.todolist.entity.Task@66
com.todolist.entity.pokemon.Pokemon@3473b2f8
com.todolist.entity.Task@66
com.todolist.entity.pokemon.Pokemon@161391d6
com.todolist.entity.Task@66
com.todolist.entity.pokemon.Pokemon@c694344
com.todolist.entity.Task@66
com.todolist.entity.pokemon.Pokemon@21ee7fa7
com.todolist.entity.Task@66
com.todolist.entity.pokemon.Pokemon@8a3fd10
com.todolist.entity.Task@66
com.todolist.entity.pokemon.Pokemon@2b440f3
com.todolist.entity.Task@66
com.todolist.entity.pokemon.Pokemon@44814082
com.todolist.entity.Task@66
com.todolist.entity.pokemon.Pokemon@16400cf2
com.todolist.entity.Task@66
com.todolist.entity.pokemon.Pokemon@11c3857
com.todolist.entity.Task@66
com.todolist.entity.pokemon.Pokemon@218f535f
com.todolist.entity.Task@66
com.todolist.entity.pokemon.Pokemon@6fc482bc
com.todolist.entity.Task@66
com.todolist.entity.pokemon.Pokemon@79f5242a
com.todolist.entity.Task@66
com.todolist.entity.pokemon.Pokemon@19cb65c3
com.todolist.entity.Task@66
com.todolist.entity.pokemon.Pokemon@4285d80e
com.todolist.entity.Task@66
com.todolist.entity.pokemon.Pokemon@99f6380
com.todolist.entity.Task@66
com.todolist.entity.pokemon.Pokemon@591bd2ed
com.todolist.entity.Task@66
</system-out>
    <system-err>ago. 15, 2022 11:44:42 A. M. org.glassfish.jersey.test.grizzly.GrizzlyTestContainerFactory$GrizzlyTestContainer &lt;init&gt;
INFORMACI�N: Creating GrizzlyTestContainer configured at the base URI http://localhost:9998/
ago. 15, 2022 11:44:42 A. M. org.glassfish.grizzly.http.server.NetworkListener start
INFORMACI�N: Started listener bound to [localhost:9998]
ago. 15, 2022 11:44:42 A. M. org.glassfish.grizzly.http.server.HttpServer start
INFORMACI�N: [HttpServer-15] Started.
ago. 15, 2022 11:44:42 A. M. org.glassfish.grizzly.http.server.NetworkListener shutdownNow
INFORMACI�N: Stopped listener bound to [localhost:9998]
</system-err>
  </testcase>
  <testcase classname="com.todolist.controllers.PokemonControllerTest" name="testGetSoloLowerCase" time="0.29"/>
  <testcase classname="com.todolist.controllers.PokemonControllerTest" name="testGetSoloNotFound" time="0.253"/>
</testsuite>