<?xml version="1.0" encoding="UTF-8" ?>
<testsuite tests="13" failures="0" name="com.todolist.controllers.UserControllerTest" time="1.16" errors="0" skipped="0">
  <properties>
[...]
</properties>
  <testcase classname="com.todolist.controllers.UserControllerTest" name="testDeleteNotFound" time="0.073"/>
  <testcase classname="com.todolist.controllers.UserControllerTest" name="testPutWithWrongEmail" time="0.103"/>
  <testcase classname="com.todolist.controllers.UserControllerTest" name="testGetSoloFine" time="0.089"/>
  <testcase classname="com.todolist.controllers.UserControllerTest" name="testPostWithWrongAvatar" time="0.104"/>
  <testcase classname="com.todolist.controllers.UserControllerTest" name="testGetAllWrong" time="0.086"/>
  <testcase classname="com.todolist.controllers.UserControllerTest" name="testPutFine" time="0.092"/>
  <testcase classname="com.todolist.controllers.UserControllerTest" name="testGetAllFine" time="0.118"/>
  <testcase classname="com.todolist.controllers.UserControllerTest" name="testPutWithOutID" time="0.073"/>
  <testcase classname="com.todolist.controllers.UserControllerTest" name="testGetAllWithQueryParamFine" time="0.068"/>
  <testcase classname="com.todolist.controllers.UserControllerTest" name="testGetSoloNotFound" time="0.088"/>
  <testcase classname="com.todolist.controllers.UserControllerTest" name="testPostWithOutName" time="0.083"/>
  <testcase classname="com.todolist.controllers.UserControllerTest" name="testDeleteFine" time="0.089"/>
  <testcase classname="com.todolist.controllers.UserControllerTest" name="testPostFine" time="0.094"/>
</testsuite>