<?xml version="1.0" encoding="UTF-8" ?>
<testsuite tests="13" failures="0" name="com.todolist.controllers.GroupControllerTest" time="4.308" errors="0" skipped="0">
  <properties>
[...]
</properties>
  <testcase classname="com.todolist.controllers.GroupControllerTest" name="testPostWithWrongDate" time="2.42"/>
  <testcase classname="com.todolist.controllers.GroupControllerTest" name="testDeleteNotFound" time="0.203"/>
  <testcase classname="com.todolist.controllers.GroupControllerTest" name="testGetSoloFine" time="0.215"/>
  <testcase classname="com.todolist.controllers.GroupControllerTest" name="testGetAllWrong" time="0.161"/>
  <testcase classname="com.todolist.controllers.GroupControllerTest" name="testPutFine" time="0.189"/>
  <testcase classname="com.todolist.controllers.GroupControllerTest" name="testGetAllFine" time="0.198"/>
  <testcase classname="com.todolist.controllers.GroupControllerTest" name="testPutWithOutID" time="0.123"/>
  <testcase classname="com.todolist.controllers.GroupControllerTest" name="testGetAllWithQueryParamFine" time="0.166"/>
  <testcase classname="com.todolist.controllers.GroupControllerTest" name="testGetSoloNotFound" time="0.129"/>
  <testcase classname="com.todolist.controllers.GroupControllerTest" name="testPutWithWrongDate" time="0.134"/>
  <testcase classname="com.todolist.controllers.GroupControllerTest" name="testPostWithOutName" time="0.127"/>
  <testcase classname="com.todolist.controllers.GroupControllerTest" name="testDeleteFine" time="0.123"/>
  <testcase classname="com.todolist.controllers.GroupControllerTest" name="testPostFine" time="0.12"/>
</testsuite>