<?xml version="1.0" encoding="UTF-8" ?>
<testsuite tests="13" failures="0" name="com.todolist.controllers.TaskResourceTest" time="1.968" errors="0" skipped="0">
  <properties>
[...]
</properties>
  <testcase classname="com.todolist.controllers.TaskResourceTest" name="testPostWithWrongDate" time="0.377"/>
  <testcase classname="com.todolist.controllers.TaskResourceTest" name="testPostWithOutTitle" time="0.147"/>
  <testcase classname="com.todolist.controllers.TaskResourceTest" name="testDeleteNotFound" time="0.134"/>
  <testcase classname="com.todolist.controllers.TaskResourceTest" name="testGetSoloFine" time="0.159"/>
  <testcase classname="com.todolist.controllers.TaskResourceTest" name="testGetAllWrong" time="0.162"/>
  <testcase classname="com.todolist.controllers.TaskResourceTest" name="testPutFine" time="0.137"/>
  <testcase classname="com.todolist.controllers.TaskResourceTest" name="testGetAllFine" time="0.136"/>
  <testcase classname="com.todolist.controllers.TaskResourceTest" name="testPutWithOutID" time="0.115"/>
  <testcase classname="com.todolist.controllers.TaskResourceTest" name="testGetAllWithQueryParamFine" time="0.116"/>
  <testcase classname="com.todolist.controllers.TaskResourceTest" name="testGetSoloNotFound" time="0.1"/>
  <testcase classname="com.todolist.controllers.TaskResourceTest" name="testPutWithWrongDate" time="0.109"/>
  <testcase classname="com.todolist.controllers.TaskResourceTest" name="testDeleteFine" time="0.136"/>
  <testcase classname="com.todolist.controllers.TaskResourceTest" name="testPostFine" time="0.14"/>
</testsuite>